<?xml version="1.0" encoding="UTF-8"?>
<testng-results skipped="0" failed="1" ignored="0" total="10" passed="9">
  <reporter-output>
  </reporter-output>
  <suite name="Default suite" duration-ms="201944" started-at="2020-04-13T11:34:25 IST" finished-at="2020-04-13T11:37:47 IST">
    <groups>
    </groups>
    <test name="Default test" duration-ms="201944" started-at="2020-04-13T11:34:25 IST" finished-at="2020-04-13T11:37:47 IST">
      <class name="Package.ClickAndBoom">
        <test-method status="PASS" signature="startReport()[pri:0, instance:Package.ClickAndBoom@6ddf90b0]" name="startReport" is-config="true" duration-ms="220" started-at="2020-04-13T11:34:25 IST" finished-at="2020-04-13T11:34:25 IST">
          <reporter-output>
          </reporter-output>
        </test-method> <!-- startReport -->
        <test-method status="PASS" signature="LogInPageTest()[pri:1, instance:Package.ClickAndBoom@6ddf90b0]" name="LogInPageTest" duration-ms="28417" started-at="2020-04-13T11:34:25 IST" finished-at="2020-04-13T11:34:54 IST">
          <reporter-output>
          </reporter-output>
        </test-method> <!-- LogInPageTest -->
        <test-method status="PASS" signature="getResult(org.testng.ITestResult)[pri:0, instance:Package.ClickAndBoom@6ddf90b0]" name="getResult" is-config="true" duration-ms="461" started-at="2020-04-13T11:34:54 IST" finished-at="2020-04-13T11:34:54 IST">
          <params>
            <param index="0">
              <value>
                <![CDATA[[TestResult name=LogInPageTest status=SUCCESS method=ClickAndBoom.LogInPageTest()[pri:1, instance:Package.ClickAndBoom@6ddf90b0] output={null}]]]>
              </value>
            </param>
          </params>
          <reporter-output>
          </reporter-output>
        </test-method> <!-- getResult -->
        <test-method status="PASS" signature="HomePageTest()[pri:2, instance:Package.ClickAndBoom@6ddf90b0]" name="HomePageTest" duration-ms="4264" started-at="2020-04-13T11:34:54 IST" finished-at="2020-04-13T11:34:58 IST">
          <reporter-output>
          </reporter-output>
        </test-method> <!-- HomePageTest -->
        <test-method status="PASS" signature="getResult(org.testng.ITestResult)[pri:0, instance:Package.ClickAndBoom@6ddf90b0]" name="getResult" is-config="true" duration-ms="377" started-at="2020-04-13T11:34:58 IST" finished-at="2020-04-13T11:34:59 IST">
          <params>
            <param index="0">
              <value>
                <![CDATA[[TestResult name=HomePageTest status=SUCCESS method=ClickAndBoom.HomePageTest()[pri:2, instance:Package.ClickAndBoom@6ddf90b0] output={null}]]]>
              </value>
            </param>
          </params>
          <reporter-output>
          </reporter-output>
        </test-method> <!-- getResult -->
        <test-method status="PASS" signature="LoadDataPageTest()[pri:3, instance:Package.ClickAndBoom@6ddf90b0]" name="LoadDataPageTest" duration-ms="12977" started-at="2020-04-13T11:34:59 IST" finished-at="2020-04-13T11:35:12 IST">
          <reporter-output>
          </reporter-output>
        </test-method> <!-- LoadDataPageTest -->
        <test-method status="PASS" signature="getResult(org.testng.ITestResult)[pri:0, instance:Package.ClickAndBoom@6ddf90b0]" name="getResult" is-config="true" duration-ms="411" started-at="2020-04-13T11:35:12 IST" finished-at="2020-04-13T11:35:12 IST">
          <params>
            <param index="0">
              <value>
                <![CDATA[[TestResult name=LoadDataPageTest status=SUCCESS method=ClickAndBoom.LoadDataPageTest()[pri:3, instance:Package.ClickAndBoom@6ddf90b0] output={null}]]]>
              </value>
            </param>
          </params>
          <reporter-output>
          </reporter-output>
        </test-method> <!-- getResult -->
        <test-method status="PASS" signature="SkywebPageTest()[pri:4, instance:Package.ClickAndBoom@6ddf90b0]" name="SkywebPageTest" duration-ms="8808" started-at="2020-04-13T11:35:12 IST" finished-at="2020-04-13T11:35:21 IST">
          <reporter-output>
          </reporter-output>
        </test-method> <!-- SkywebPageTest -->
        <test-method status="PASS" signature="getResult(org.testng.ITestResult)[pri:0, instance:Package.ClickAndBoom@6ddf90b0]" name="getResult" is-config="true" duration-ms="414" started-at="2020-04-13T11:35:21 IST" finished-at="2020-04-13T11:35:21 IST">
          <params>
            <param index="0">
              <value>
                <![CDATA[[TestResult name=SkywebPageTest status=SUCCESS method=ClickAndBoom.SkywebPageTest()[pri:4, instance:Package.ClickAndBoom@6ddf90b0] output={null}]]]>
              </value>
            </param>
          </params>
          <reporter-output>
          </reporter-output>
        </test-method> <!-- getResult -->
        <test-method status="PASS" signature="ReloadLink()[pri:5, instance:Package.ClickAndBoom@6ddf90b0]" name="ReloadLink" duration-ms="14417" started-at="2020-04-13T11:35:21 IST" finished-at="2020-04-13T11:35:36 IST">
          <reporter-output>
          </reporter-output>
        </test-method> <!-- ReloadLink -->
        <test-method status="PASS" signature="getResult(org.testng.ITestResult)[pri:0, instance:Package.ClickAndBoom@6ddf90b0]" name="getResult" is-config="true" duration-ms="622" started-at="2020-04-13T11:35:36 IST" finished-at="2020-04-13T11:35:36 IST">
          <params>
            <param index="0">
              <value>
                <![CDATA[[TestResult name=ReloadLink status=SUCCESS method=ClickAndBoom.ReloadLink()[pri:5, instance:Package.ClickAndBoom@6ddf90b0] output={null}]]]>
              </value>
            </param>
          </params>
          <reporter-output>
          </reporter-output>
        </test-method> <!-- getResult -->
        <test-method status="PASS" signature="AdministraionPageTest()[pri:6, instance:Package.ClickAndBoom@6ddf90b0]" name="AdministraionPageTest" duration-ms="9163" started-at="2020-04-13T11:35:36 IST" finished-at="2020-04-13T11:35:45 IST">
          <reporter-output>
          </reporter-output>
        </test-method> <!-- AdministraionPageTest -->
        <test-method status="PASS" signature="getResult(org.testng.ITestResult)[pri:0, instance:Package.ClickAndBoom@6ddf90b0]" name="getResult" is-config="true" duration-ms="363" started-at="2020-04-13T11:35:46 IST" finished-at="2020-04-13T11:35:46 IST">
          <params>
            <param index="0">
              <value>
                <![CDATA[[TestResult name=AdministraionPageTest status=SUCCESS method=ClickAndBoom.AdministraionPageTest()[pri:6, instance:Package.ClickAndBoom@6ddf90b0] output={null}]]]>
              </value>
            </param>
          </params>
          <reporter-output>
          </reporter-output>
        </test-method> <!-- getResult -->
        <test-method status="PASS" signature="HardwaremngntPageTest()[pri:7, instance:Package.ClickAndBoom@6ddf90b0]" name="HardwaremngntPageTest" duration-ms="8069" started-at="2020-04-13T11:35:46 IST" finished-at="2020-04-13T11:35:54 IST">
          <reporter-output>
          </reporter-output>
        </test-method> <!-- HardwaremngntPageTest -->
        <test-method status="PASS" signature="getResult(org.testng.ITestResult)[pri:0, instance:Package.ClickAndBoom@6ddf90b0]" name="getResult" is-config="true" duration-ms="442" started-at="2020-04-13T11:35:54 IST" finished-at="2020-04-13T11:35:54 IST">
          <params>
            <param index="0">
              <value>
                <![CDATA[[TestResult name=HardwaremngntPageTest status=SUCCESS method=ClickAndBoom.HardwaremngntPageTest()[pri:7, instance:Package.ClickAndBoom@6ddf90b0] output={null}]]]>
              </value>
            </param>
          </params>
          <reporter-output>
          </reporter-output>
        </test-method> <!-- getResult -->
        <test-method status="PASS" signature="ReportsPageTest()[pri:8, instance:Package.ClickAndBoom@6ddf90b0]" name="ReportsPageTest" duration-ms="8884" started-at="2020-04-13T11:35:54 IST" finished-at="2020-04-13T11:36:03 IST">
          <reporter-output>
          </reporter-output>
        </test-method> <!-- ReportsPageTest -->
        <test-method status="PASS" signature="getResult(org.testng.ITestResult)[pri:0, instance:Package.ClickAndBoom@6ddf90b0]" name="getResult" is-config="true" duration-ms="361" started-at="2020-04-13T11:36:03 IST" finished-at="2020-04-13T11:36:04 IST">
          <params>
            <param index="0">
              <value>
                <![CDATA[[TestResult name=ReportsPageTest status=SUCCESS method=ClickAndBoom.ReportsPageTest()[pri:8, instance:Package.ClickAndBoom@6ddf90b0] output={null}]]]>
              </value>
            </param>
          </params>
          <reporter-output>
          </reporter-output>
        </test-method> <!-- getResult -->
        <test-method status="PASS" signature="DutyHoursPageTest()[pri:9, instance:Package.ClickAndBoom@6ddf90b0]" name="DutyHoursPageTest" duration-ms="7198" started-at="2020-04-13T11:36:04 IST" finished-at="2020-04-13T11:36:11 IST">
          <reporter-output>
          </reporter-output>
        </test-method> <!-- DutyHoursPageTest -->
        <test-method status="PASS" signature="getResult(org.testng.ITestResult)[pri:0, instance:Package.ClickAndBoom@6ddf90b0]" name="getResult" is-config="true" duration-ms="379" started-at="2020-04-13T11:36:11 IST" finished-at="2020-04-13T11:36:11 IST">
          <params>
            <param index="0">
              <value>
                <![CDATA[[TestResult name=DutyHoursPageTest status=SUCCESS method=ClickAndBoom.DutyHoursPageTest()[pri:9, instance:Package.ClickAndBoom@6ddf90b0] output={null}]]]>
              </value>
            </param>
          </params>
          <reporter-output>
          </reporter-output>
        </test-method> <!-- getResult -->
        <test-method status="FAIL" signature="SkytracPageTest()[pri:10, instance:Package.ClickAndBoom@6ddf90b0]" name="SkytracPageTest" duration-ms="35066" started-at="2020-04-13T11:36:11 IST" finished-at="2020-04-13T11:36:46 IST">
          <exception class="org.openqa.selenium.TimeoutException">
            <message>
              <![CDATA[timeout: Timed out receiving message from renderer: -0.003
  (Session info: chrome=80.0.3987.163)
Build info: version: '3.141.59', revision: 'e82be7d358', time: '2018-11-14T08:25:48'
System info: host: 'DESKTOP-VEVC5H6', ip: '192.168.20.18', os.name: 'Windows 10', os.arch: 'amd64', os.version: '10.0', java.version: '1.8.0_241'
Driver info: org.openqa.selenium.chrome.ChromeDriver
Capabilities {acceptInsecureCerts: false, browserName: chrome, browserVersion: 80.0.3987.163, chrome: {chromedriverVersion: 80.0.3987.106 (f68069574609..., userDataDir: C:\Users\lenovo\AppData\Loc...}, goog:chromeOptions: {debuggerAddress: localhost:60416}, javascriptEnabled: true, networkConnectionEnabled: false, pageLoadStrategy: normal, platform: WINDOWS, platformName: WINDOWS, proxy: Proxy(), setWindowRect: true, strictFileInteractability: false, timeouts: {implicit: 0, pageLoad: 300000, script: 30000}, unhandledPromptBehavior: dismiss and notify}
Session ID: 5971a2beb9a8ea74522aab89b2fdf5f3]]>
            </message>
            <full-stacktrace>
              <![CDATA[org.openqa.selenium.TimeoutException: timeout: Timed out receiving message from renderer: -0.003
  (Session info: chrome=80.0.3987.163)
Build info: version: '3.141.59', revision: 'e82be7d358', time: '2018-11-14T08:25:48'
System info: host: 'DESKTOP-VEVC5H6', ip: '192.168.20.18', os.name: 'Windows 10', os.arch: 'amd64', os.version: '10.0', java.version: '1.8.0_241'
Driver info: org.openqa.selenium.chrome.ChromeDriver
Capabilities {acceptInsecureCerts: false, browserName: chrome, browserVersion: 80.0.3987.163, chrome: {chromedriverVersion: 80.0.3987.106 (f68069574609..., userDataDir: C:\Users\lenovo\AppData\Loc...}, goog:chromeOptions: {debuggerAddress: localhost:60416}, javascriptEnabled: true, networkConnectionEnabled: false, pageLoadStrategy: normal, platform: WINDOWS, platformName: WINDOWS, proxy: Proxy(), setWindowRect: true, strictFileInteractability: false, timeouts: {implicit: 0, pageLoad: 300000, script: 30000}, unhandledPromptBehavior: dismiss and notify}
Session ID: 5971a2beb9a8ea74522aab89b2fdf5f3
at sun.reflect.NativeConstructorAccessorImpl.newInstance0(Native Method)
at sun.reflect.NativeConstructorAccessorImpl.newInstance(NativeConstructorAccessorImpl.java:62)
at sun.reflect.DelegatingConstructorAccessorImpl.newInstance(DelegatingConstructorAccessorImpl.java:45)
at java.lang.reflect.Constructor.newInstance(Constructor.java:423)
at org.openqa.selenium.remote.http.W3CHttpResponseCodec.createException(W3CHttpResponseCodec.java:187)
at org.openqa.selenium.remote.http.W3CHttpResponseCodec.decode(W3CHttpResponseCodec.java:122)
at org.openqa.selenium.remote.http.W3CHttpResponseCodec.decode(W3CHttpResponseCodec.java:49)
at org.openqa.selenium.remote.HttpCommandExecutor.execute(HttpCommandExecutor.java:158)
at org.openqa.selenium.remote.service.DriverCommandExecutor.execute(DriverCommandExecutor.java:83)
at org.openqa.selenium.remote.RemoteWebDriver.execute(RemoteWebDriver.java:552)
at org.openqa.selenium.remote.RemoteWebDriver.execute(RemoteWebDriver.java:609)
at org.openqa.selenium.remote.RemoteWebDriver.getTitle(RemoteWebDriver.java:281)
at Package.ClickAndBoom.SkytracPageTest(ClickAndBoom.java:186)
at sun.reflect.NativeMethodAccessorImpl.invoke0(Native Method)
at sun.reflect.NativeMethodAccessorImpl.invoke(NativeMethodAccessorImpl.java:62)
at sun.reflect.DelegatingMethodAccessorImpl.invoke(DelegatingMethodAccessorImpl.java:43)
at java.lang.reflect.Method.invoke(Method.java:498)
at org.testng.internal.MethodInvocationHelper.invokeMethod(MethodInvocationHelper.java:133)
at org.testng.internal.TestInvoker.invokeMethod(TestInvoker.java:584)
at org.testng.internal.TestInvoker.invokeTestMethod(TestInvoker.java:172)
at org.testng.internal.MethodRunner.runInSequence(MethodRunner.java:46)
at org.testng.internal.TestInvoker$MethodInvocationAgent.invoke(TestInvoker.java:804)
at org.testng.internal.TestInvoker.invokeTestMethods(TestInvoker.java:145)
at org.testng.internal.TestMethodWorker.invokeTestMethods(TestMethodWorker.java:146)
at org.testng.internal.TestMethodWorker.run(TestMethodWorker.java:128)
at java.util.ArrayList.forEach(ArrayList.java:1257)
at org.testng.TestRunner.privateRun(TestRunner.java:770)
at org.testng.TestRunner.run(TestRunner.java:591)
at org.testng.SuiteRunner.runTest(SuiteRunner.java:402)
at org.testng.SuiteRunner.runSequentially(SuiteRunner.java:396)
at org.testng.SuiteRunner.privateRun(SuiteRunner.java:355)
at org.testng.SuiteRunner.run(SuiteRunner.java:304)
at org.testng.SuiteRunnerWorker.runSuite(SuiteRunnerWorker.java:53)
at org.testng.SuiteRunnerWorker.run(SuiteRunnerWorker.java:96)
at org.testng.TestNG.runSuitesSequentially(TestNG.java:1180)
at org.testng.TestNG.runSuitesLocally(TestNG.java:1102)
at org.testng.TestNG.runSuites(TestNG.java:1032)
at org.testng.TestNG.run(TestNG.java:1000)
at org.testng.remote.AbstractRemoteTestNG.run(AbstractRemoteTestNG.java:115)
at org.testng.remote.RemoteTestNG.initAndRun(RemoteTestNG.java:251)
at org.testng.remote.RemoteTestNG.main(RemoteTestNG.java:77)
]]>
            </full-stacktrace>
          </exception> <!-- org.openqa.selenium.TimeoutException -->
          <reporter-output>
          </reporter-output>
        </test-method> <!-- SkytracPageTest -->
        <test-method status="FAIL" signature="getResult(org.testng.ITestResult)[pri:0, instance:Package.ClickAndBoom@6ddf90b0]" name="getResult" is-config="true" duration-ms="60039" started-at="2020-04-13T11:36:46 IST" finished-at="2020-04-13T11:37:46 IST">
          <params>
            <param index="0">
              <value>
                <![CDATA[[TestResult name=SkytracPageTest status=FAILURE method=ClickAndBoom.SkytracPageTest()[pri:10, instance:Package.ClickAndBoom@6ddf90b0] output={null}]]]>
              </value>
            </param>
          </params>
          <exception class="org.openqa.selenium.TimeoutException">
            <message>
              <![CDATA[timeout: Timed out receiving message from renderer: 9.999
  (Session info: chrome=80.0.3987.163)
Build info: version: '3.141.59', revision: 'e82be7d358', time: '2018-11-14T08:25:48'
System info: host: 'DESKTOP-VEVC5H6', ip: '192.168.20.18', os.name: 'Windows 10', os.arch: 'amd64', os.version: '10.0', java.version: '1.8.0_241'
Driver info: org.openqa.selenium.chrome.ChromeDriver
Capabilities {acceptInsecureCerts: false, browserName: chrome, browserVersion: 80.0.3987.163, chrome: {chromedriverVersion: 80.0.3987.106 (f68069574609..., userDataDir: C:\Users\lenovo\AppData\Loc...}, goog:chromeOptions: {debuggerAddress: localhost:60416}, javascriptEnabled: true, networkConnectionEnabled: false, pageLoadStrategy: normal, platform: WINDOWS, platformName: WINDOWS, proxy: Proxy(), setWindowRect: true, strictFileInteractability: false, timeouts: {implicit: 0, pageLoad: 300000, script: 30000}, unhandledPromptBehavior: dismiss and notify}
Session ID: 5971a2beb9a8ea74522aab89b2fdf5f3]]>
            </message>
            <full-stacktrace>
              <![CDATA[org.openqa.selenium.TimeoutException: timeout: Timed out receiving message from renderer: 9.999
  (Session info: chrome=80.0.3987.163)
Build info: version: '3.141.59', revision: 'e82be7d358', time: '2018-11-14T08:25:48'
System info: host: 'DESKTOP-VEVC5H6', ip: '192.168.20.18', os.name: 'Windows 10', os.arch: 'amd64', os.version: '10.0', java.version: '1.8.0_241'
Driver info: org.openqa.selenium.chrome.ChromeDriver
Capabilities {acceptInsecureCerts: false, browserName: chrome, browserVersion: 80.0.3987.163, chrome: {chromedriverVersion: 80.0.3987.106 (f68069574609..., userDataDir: C:\Users\lenovo\AppData\Loc...}, goog:chromeOptions: {debuggerAddress: localhost:60416}, javascriptEnabled: true, networkConnectionEnabled: false, pageLoadStrategy: normal, platform: WINDOWS, platformName: WINDOWS, proxy: Proxy(), setWindowRect: true, strictFileInteractability: false, timeouts: {implicit: 0, pageLoad: 300000, script: 30000}, unhandledPromptBehavior: dismiss and notify}
Session ID: 5971a2beb9a8ea74522aab89b2fdf5f3
at sun.reflect.NativeConstructorAccessorImpl.newInstance0(Native Method)
at sun.reflect.NativeConstructorAccessorImpl.newInstance(NativeConstructorAccessorImpl.java:62)
at sun.reflect.DelegatingConstructorAccessorImpl.newInstance(DelegatingConstructorAccessorImpl.java:45)
at java.lang.reflect.Constructor.newInstance(Constructor.java:423)
at org.openqa.selenium.remote.http.W3CHttpResponseCodec.createException(W3CHttpResponseCodec.java:187)
at org.openqa.selenium.remote.http.W3CHttpResponseCodec.decode(W3CHttpResponseCodec.java:122)
at org.openqa.selenium.remote.http.W3CHttpResponseCodec.decode(W3CHttpResponseCodec.java:49)
at org.openqa.selenium.remote.HttpCommandExecutor.execute(HttpCommandExecutor.java:158)
at org.openqa.selenium.remote.service.DriverCommandExecutor.execute(DriverCommandExecutor.java:83)
at org.openqa.selenium.remote.RemoteWebDriver.execute(RemoteWebDriver.java:552)
at org.openqa.selenium.remote.RemoteWebDriver.execute(RemoteWebDriver.java:609)
at org.openqa.selenium.remote.RemoteWebDriver.getScreenshotAs(RemoteWebDriver.java:295)
at Package.ClickAndBoom_Base.getScreenhot(ClickAndBoom_Base.java:62)
at Package.ClickAndBoom_Base.getResult(ClickAndBoom_Base.java:75)
at sun.reflect.NativeMethodAccessorImpl.invoke0(Native Method)
at sun.reflect.NativeMethodAccessorImpl.invoke(NativeMethodAccessorImpl.java:62)
at sun.reflect.DelegatingMethodAccessorImpl.invoke(DelegatingMethodAccessorImpl.java:43)
at java.lang.reflect.Method.invoke(Method.java:498)
at org.testng.internal.MethodInvocationHelper.invokeMethod(MethodInvocationHelper.java:133)
at org.testng.internal.MethodInvocationHelper.invokeMethodConsideringTimeout(MethodInvocationHelper.java:62)
at org.testng.internal.ConfigInvoker.invokeConfigurationMethod(ConfigInvoker.java:340)
at org.testng.internal.ConfigInvoker.invokeConfigurations(ConfigInvoker.java:294)
at org.testng.internal.TestInvoker.runConfigMethods(TestInvoker.java:683)
at org.testng.internal.TestInvoker.runAfterGroupsConfigurations(TestInvoker.java:658)
at org.testng.internal.TestInvoker.invokeMethod(TestInvoker.java:642)
at org.testng.internal.TestInvoker.invokeTestMethod(TestInvoker.java:172)
at org.testng.internal.MethodRunner.runInSequence(MethodRunner.java:46)
at org.testng.internal.TestInvoker$MethodInvocationAgent.invoke(TestInvoker.java:804)
at org.testng.internal.TestInvoker.invokeTestMethods(TestInvoker.java:145)
at org.testng.internal.TestMethodWorker.invokeTestMethods(TestMethodWorker.java:146)
at org.testng.internal.TestMethodWorker.run(TestMethodWorker.java:128)
at java.util.ArrayList.forEach(ArrayList.java:1257)
at org.testng.TestRunner.privateRun(TestRunner.java:770)
at org.testng.TestRunner.run(TestRunner.java:591)
at org.testng.SuiteRunner.runTest(SuiteRunner.java:402)
at org.testng.SuiteRunner.runSequentially(SuiteRunner.java:396)
at org.testng.SuiteRunner.privateRun(SuiteRunner.java:355)
at org.testng.SuiteRunner.run(SuiteRunner.java:304)
at org.testng.SuiteRunnerWorker.runSuite(SuiteRunnerWorker.java:53)
at org.testng.SuiteRunnerWorker.run(SuiteRunnerWorker.java:96)
at org.testng.TestNG.runSuitesSequentially(TestNG.java:1180)
at org.testng.TestNG.runSuitesLocally(TestNG.java:1102)
at org.testng.TestNG.runSuites(TestNG.java:1032)
at org.testng.TestNG.run(TestNG.java:1000)
at org.testng.remote.AbstractRemoteTestNG.run(AbstractRemoteTestNG.java:115)
at org.testng.remote.RemoteTestNG.initAndRun(RemoteTestNG.java:251)
at org.testng.remote.RemoteTestNG.main(RemoteTestNG.java:77)
]]>
            </full-stacktrace>
          </exception> <!-- org.openqa.selenium.TimeoutException -->
          <reporter-output>
          </reporter-output>
        </test-method> <!-- getResult -->
        <test-method status="PASS" signature="endtest()[pri:0, instance:Package.ClickAndBoom@6ddf90b0]" name="endtest" is-config="true" duration-ms="494" started-at="2020-04-13T11:37:46 IST" finished-at="2020-04-13T11:37:47 IST">
          <reporter-output>
          </reporter-output>
        </test-method> <!-- endtest -->
      </class> <!-- Package.ClickAndBoom -->
    </test> <!-- Default test -->
  </suite> <!-- Default suite -->
</testng-results>
